<?xml version="1.0" encoding="UTF-8"?>
<testsuite name="Security &amp; Cryptographic Attacks" tests="3" skipped="0" failures="0" errors="0" timestamp="2026-09-15T18:08:22.772Z" hostname="rishabh" time="0.136">
  <properties/>
  <testcase name="Should reject token with modified payload (Payload Tampering Attack)" classname="authenticator.jwt.JwtUtilTest$SecurityAttackTests" time="0.012"/>
  <testcase name="Should reject 'none' algorithm unsigned token (Alg: None Exploit)" classname="authenticator.jwt.JwtUtilTest$SecurityAttackTests" time="0.002"/>
  <testcase name="Should reject token signed with an untrusted key pair (Key Tampering Attack)" classname="authenticator.jwt.JwtUtilTest$SecurityAttackTests" time="0.12"/>
  <system-out><![CDATA[]]></system-out>
  <system-err><![CDATA[]]></system-err>
</testsuite>
