<?xml version="1.0" encoding="UTF-8"?>
<testsuite name="Malformed Input &amp; Boundaries" tests="9" skipped="0" failures="0" errors="0" timestamp="2026-09-15T18:08:22.552Z" hostname="rishabh" time="0.219">
  <properties/>
  <testcase name="[1] " classname="authenticator.jwt.JwtUtilTest$MalformedInputTests" time="0.095"/>
  <testcase name="[2]    " classname="authenticator.jwt.JwtUtilTest$MalformedInputTests" time="0.001"/>
  <testcase name="[3] not-a-jwt" classname="authenticator.jwt.JwtUtilTest$MalformedInputTests" time="0.001"/>
  <testcase name="[4] header.payload" classname="authenticator.jwt.JwtUtilTest$MalformedInputTests" time="0.0"/>
  <testcase name="[5] header.payload.signature.extra" classname="authenticator.jwt.JwtUtilTest$MalformedInputTests" time="0.0"/>
  <testcase name="[6] ?????.?????.?????" classname="authenticator.jwt.JwtUtilTest$MalformedInputTests" time="0.001"/>
  <testcase name="Should handle empty claims map without throwing exceptions" classname="authenticator.jwt.JwtUtilTest$MalformedInputTests" time="0.077"/>
  <testcase name="Should handle null inputs gracefully" classname="authenticator.jwt.JwtUtilTest$MalformedInputTests" time="0.001"/>
  <testcase name="Should handle complex nested claims structures" classname="authenticator.jwt.JwtUtilTest$MalformedInputTests" time="0.011"/>
  <system-out><![CDATA[]]></system-out>
  <system-err><![CDATA[]]></system-err>
</testsuite>
